(lp0
(iopenface_ros.face_recognizer
TrainedFace
p1
(dp2
S'representations'
p3
(lp4
cnumpy.core.multiarray
_reconstruct
p5
(cnumpy
ndarray
p6
(I0
tp7
S'b'
p8
tp9
Rp10
(I1
(I128
tp11
cnumpy
dtype
p12
(S'f8'
p13
I0
I1
tp14
Rp15
(I3
S'<'
p16
NNNI-1
I-1
I0
tp17
bI00
S"\xf8\xff\xff?\xae8\xab\xbfi\xff\xff\x1f\x8a\xa5\xbc?m\xff\xff\x1ft\x8b\xc0?\xf9\xff\xff\xdfiI\xac?\x07\x00\x00@U\xe8y\xbfM\x00\x00\xc0\xfa7\x94?'\x00\x00`\xb8\xfa\xae?\xfc\xff\xff\x1f\x9cY\x9d?!\x00\x00\x00x=\xb5?\xb0\xff\xff\xbf<\x8e\x99?\xef\xff\xff\xff\xcd\x87\xb4?\x0f\x00\x00 \xaf\x97\xb0\xbf\x0f\x00\x00\xe0\xd3l\xaa\xbf\xf3\xff\xff\xdfz\xbej?\xae\x00\x00\x00!\xde\xc2?\x14\x00\x00@\xc6\\\xb2\xbf\xbd\xfe\xff\x9f1O\xbc?\xfb\xff\xff\x7fV|\xb5?\x1b\x00\x00 P*\x90?\xf3\xff\xff\xbfzV\xb6\xbf\xf9\xff\xff\xbfYK\x9c?\x01\x00\x00\xc0Q\x18\x84\xbf9\x00\x00`i\xb4\xaf\xbfF\x00\x00@\x17@\xa5?\x05\x00\x00\xc0\xfa]\xb8?\xf3\xff\xff\x1ff\xd1\xac\xbf\xda\xff\xff\x1f\xc2s\xa9\xbf\xe7\xff\xff\xdf\x1e)v?H\x00\x00\x80]{\xc2?\x06\x00\x00\x80P+\x98\xbfo\xff\xff\x1fiZ\xc9?u\xff\xff\x7f\x1fS\x9b? \x00\x00`\xd9U\xb2?\x1d\x00\x00 \x1a\xeeC?\xde\x00\x00\xe0\xb1\x17\xbd?\xec\xff\xff?\xdc\xdb\xb0?\x16\x00\x00\xe0\xb2\xff\x9c?E\x00\x00\x00\xee\x89\xa6?4\x00\x00 Vx\xa7\xbf\xed\xff\xff\xbf\xcc\xe1\xb7\xbf\x18\x00\x00\xc0\xabM\xb0?\xc4\xff\xff\x7f\xfeK\xa0?\xcd\xff\xff_\xf39\x9f\xbf\x00\x00\x00\xa0\x9e\xcb\xb3?Y\x00\x00\xa0\x15\xb3\x9d\xbf\x99\xff\xff\xffK\x19\x9c\xbf\xe7\xff\xff\x7f\n\x9e\x81\xbf\xd1\xff\xff\x7f\x1e\xde\xa1\xbf\xf2\xff\xff\xff}m\xb2\xbf\xe1\xff\xff\x9f\xea\x94\xc8\xbf\x13\xff\xff\x9f\xc7\xc0\xb9\xbf\x1d\x00\x00 1t\xb0?\xf2\xff\xff\x1f5\xb1\x85?\x9b\x00\x00@\x1a\x81\xc1\xbf\xc8\xff\xff\xdfz\xac\xa2\xbf\xb5\xff\xff\xff2\x03\xc1?\xb6\xff\xff\xff\x80\x86\xc7\xbf\x07\x00\x00\xa0\xdf\xce\xb1?\xe4\xff\xff\x9f\x86\xdd\xb2\xbf\xe9\xff\xff\xff\x1f\x1b\x96\xbf\x8d\x00\x00\x00x\x98\xc4\xbf`\x01\x00\x00,\xd6\xbd\xbf6\x00\x00\x80\xdd\x8b\xa5?\xeb\x00\x00\xe0\x16\x8b\xbf\xbf\x16\x00\x00 \x042\xc4?\xeb\xff\xff?I\xab\xb8?\xd5\xff\xff\x9f\xa2\x9c\xa5?N\xff\xff_\xfd\xfb\xc1\xbfV\x00\x00@,\xe9\xc3\xbf\xb9\xfe\xff\xbf\x12\x9e\xbf?\x11\x00\x00\xc0\x11\xce\x90?\xbc\xff\xff?;\x14\xa5\xbf\x05\x00\x00\xc0?\xb3\xa1\xbf\xec\xff\xff\x7f\xe8B\xb2\xbf\xeb\xff\xff\xff(\xc9\xa3\xbf\x9a\x00\x00\xc0F\x90\xba\xbf \x00\x00`\x9c\xb8p?\x0e\x00\x00\x00=\x01\xae?\x81\xff\xff?*\xa8\x99\xbf\xff\xfe\xff\x9f\x83\x86\xbf\xbf\xa2\xff\xff?,\xc0\xc3\xbf\xfa\xff\xff\x1f\x1d\xa0\xb2?\xe0\xff\xff\xff\xa4!\xae\xbf\x0c\x00\x00`\xbdK\xb1\xbf\xe7\xff\xff\xdf\xb8\xc1\xb4?\xa6\x00\x00`U\xf8\xc1\xbfc\xff\xff\xbf\x04\xf3\x8f\xbfn\x00\x00\xc0r\xc9\x9e\xbf\x11\x00\x00\x80{D\x87\xbf\x05\x00\x00 \xe6J\xb3?\x17\x00\x00\xa0\xaf\x90\xb5?\xd7\xff\xff\xff\xe4\xde\x9d\xbf\xf0\xff\xff\x9f\x9d\xdb\xaf\xbf\x04\x00\x00\x00\xb9\xdd\xae\xbf{\x00\x00@\xbf6\xc5?\xdc\xff\xff?\xbf\xe8a\xbf\xea\xff\xff_m\x04\x8b?\xf9\xff\xff\xdf}\xa6\x96\xbf\xf3\xff\xff\xdf\x14!\xa5\xbf\x08\x00\x00\xc0\x0c\xe0\xb2?\xd5\x00\x00\xe0\xdd\xaf\xbb\xbf\x17\xff\xff_/b\x86?\xb2\xff\xff\xff\x96\xf8\x92\xbf\xfb\xff\xff\xbf\xa7t\xb2\xbf\x15\x00\x00\xe0\x0b\x0c\xb0\xbf\x9e\x00\x00\x00 \xba\xbb?}\xff\xff\x7f\xd6\x05\xc1?8\x00\x00\xa0'\x1e\xc1\xbf\xaf\x00\x00\xc0\xd8\xb9\xc8?\xf0\xff\xff\x7f\x17\xce\xb6\xbf\xc7\xff\xff\x7f\x9a2\xab\xbf\x19\x00\x00\xa0o\xfa\x82\xbf\x00\x00\x00`\x92\x02\xb9\xbf\x96\xff\xff\xbf\xd4\x1f\x96\xbf>\x00\x00\xc0\xd1\x19\xc8?x\x00\x00\xc0O\xb7\xba\xbf\x96\xff\xff\xdf)w\x99?\xa1\xff\xff_P\x91\xc6\xbfq\xff\xff\x1f^\xc9\xc2?\x1f\x00\x00\xa0!n\xaf?\x1b\x00\x00 <\xdb\xb1?'\x00\x00\x00\xe1\xca\x98\xbf\xf7\xff\xff\xbf\xa9\x1d\xb2\xbf\xae\x00\x00\xc0\x8a\xda\xbc?^\xff\xff\xdf*\x97\xc1?\x12\x00\x00 |\x9e\x88?\x17\x00\x00\x00\x87\xbc\xc4?\x04\x00\x00\xc0\x98M\xa8\xbf"
p18
tp19
bag5
(g6
(I0
tp20
g8
tp21
Rp22
(I1
(I128
tp23
g15
I00
S'\x08\x00\x00`I\xa3\xa2\xbfA\x00\x00 vR\xbc?\xd4\x00\x00@\xf1*\xba?\x14\x00\x00\xa0\xe2\xe7\xa8?\xc6\xff\xff\xbf\xebP\xc1?-\x00\x00\xc0\x82N\x98\xbf\xfa\xff\xff\x1fN\xd0\xb8?\xfa\xff\xff\xbfE\x86\xa8\xbfI\x00\x00\x00\xd8C\x9a\xbf\xe4\xff\xff\xbf\x96\xbd\xad?x\xff\xff\x9f\xcb\x0f\x8d?\xc8\xff\xff?!\xf8\xa3?\xf3\xff\xff\xbf5s\xb2\xbf\xe4\xff\xff\xbf\x0csk\xbfM\xff\xff?\xe4g\xc1?\x81\xff\xff_&\xd1\x92\xbf{\x00\x00\xe0\xb6T\xc2?\xc6\xff\xff\x9f4s\xaa?\xdf\xff\xff\xdf\x15\x08\xab?\xfa\xfe\xff_+\xe5\x8b\xbfK\x00\x00\xe0\x01\xb4\x86\xbf\x88\xff\xff?&>\x94?\t\x01\x00@\x85p\xbf\xbf\xed\xff\xff\x7f\xd4\'\xaf\xbf\x05\x00\x00@l\x84\xb9??\xff\xff\x7f\xe4k\x8d?\xa9\x00\x00\xa0.\xb6\xbe\xbf\xd1\xff\xff\xffJ\xe1\x9f?c\xff\xff\x1fRn\xc2?\x13\x00\x00\x80\xfa\x1f\xa8?\xdf\xff\xff\x9f\xf5\x81\xb3?h\xff\xff_ g\xc2?F\x00\x00\x00<\xc9\xa9?e\x00\x00@\xc3\xf6l?/\x01\x00\xe0]\x8b\xbc?\xfd\xff\xff\x9fG\x04\xb1?\x12\x00\x00@\x8c:\xb4?\x14\x00\x00\x00\xff\xb0\xac\xbf\x1d\x00\x00\xa0\xa2\x16\xaa?\x97\x00\x00\x80mj\xc1\xbf\x14\x01\x00\xe0\xec\x12\xbd?M\x00\x00\x80x\x13\x99?\xf7\xfe\xff?ND\xbc?\x85\x00\x00`\xdd2\x9b\xbf\x81\xff\xff\xbf\x11B\x9a\xbf\xae\x00\x00\xc0\x8a\xc8\xc7? \x00\x00`\xed\xec\xaa?\xe7\xff\xff\x1f\x80\xa9\xaa\xbfZ\x01\x00@\x8a\xee\xbd\xbf\x80\xff\xff\x1f\x11\xd4\xcc\xbf\xe4\xff\xff\x7f\x8a\x1c\xb9\xbf\xff\xff\xff\xdf\x8d7\xb5?\xb7\xff\xff\xdf\x8d\xcb\x95\xbf\xbe\x00\x00`*"\xbe\xbfL\x00\x00\xe0\x1e\xe3\x9c?\x1a\x00\x00 3\x9d\xb6?\xf3\xff\xff\x1ff_\xc7\xbfi\x00\x00`\xf6\\\x95?\x86\x00\x00\x00\x99\x05\xc5\xbf\xc8\xff\xff?f5\xc0?\r\x00\x00 \xbat\xb1\xbf\xe0\xff\xff_\x06R\xb2\xbf\xce\xff\xff\xff}6\x86\xbf\xa4\x00\x00@<l\xbc\xbf\xd4\xff\xff\x1f\xb2\xcc\xc8?\x13\x00\x00\x80po\xb4?\xd2\xff\xff\xbfGh\xa3\xbf#\x00\x00\xe0\xd2\x17\xb0\xbf#\x01\x00\x80>\xc3\xbd\xbf\xfe\xff\xff?\x17T\xb2?8\x00\x00\x80\xe6\t\xad?\xf8\xff\xff?a\x8d\x83?\xf5\xff\xff\x9f_\xb7\xa8\xbf\x1a\x00\x00\x80\xf6\xbd\xb1\xbf{\xff\xff?|\xe5\x89\xbf\xd2\xff\xff\xbfGX\xac?\xf5\xff\xff?\xcd\xcc\xa1?\xfa\x00\x00@+\xe4\xba?\x93\x00\x00 \xac\x98\x8a\xbf\xe5\xff\xff\xff\x8e\x9b\xc6\xbf\xee\xff\xff\x1f\xd5=\xbe\xbf\x8b\x00\x00@\xc0j\xc2?\xdf\xff\xff\xbfJ\xa7\xa7\xbf\xf3\xff\xff\xdfv\xfd\xaa?\x07\x00\x00 \x96\x8e\xaf?\xf8\xff\xff\x7f\xba#\xb7\xbf\xcd\xff\xff\xff\x0b\xbau\xbf\xbc\xff\xff\x7f\x16\x87\x92?\x1b\x00\x00\xc03\t\xb0\xbf5\x01\x00`iQ\xbc?\x1c\x00\x00@\xae\x07\xb9?<\x00\x00\x80\xd0#\x91?\xff\xff\xff_uI\xb8\xbf\xd0\xff\xff_{\xf3\xaa?\x07\x00\x00@\xa6\x08\xb6?\xf1\xff\xff\xdf\x85\xd1\x83?\xf7\xff\xff\xbf\xa9\x83\xab?\x04\x00\x00`|\x10\xad\xbf\xb2\xff\xff\xbf\x14<Q\xbf4\x00\x00@\r\x10\x90?\xe5\xff\xff\x1f\x8b8\xb9\xbf\xde\xff\xff_\x9b\x81\x88\xbf\x15\x00\x00\x80yK\xa0\xbf\xce\xff\xff?\x00\x9f\xad\xbf\xdc\xff\xff?=\xbc\xb7\xbfV\xff\xff\xdfV\xcd\xc0?\xff\xfe\xff\xbf\xa7M\xbe?8\x00\x00 \xb6\x17\x8b\xbf\x95\xff\xff\xbf\x9a\xe1\xc0?\xd4\xff\xff\x9f\xb6]\x8e\xbf\xcc\xff\xff\xdf\xeeP\xa7\xbf\x11\x00\x00\x002<\xb7\xbf\x03\x01\x00\xa0\xae\x11\xbe\xbf\x95\xff\xff\x9fv~\x96\xbf\x11\x00\x00@>U\xc4?\xa9\x00\x00 [\x0f\xc1\xbf\xbd\xff\xff\xbf?9\xab\xbfQ\x00\x00\x801}\xc4\xbf\x1a\x00\x00\xc0\xe5\x13\xb0?\xfe\xff\xff\x1f\xc2\x8e\xb2?*\x00\x00`@d\xaf?\xfe\xff\xff?\xa1\xd0\xaa?\x88\xff\xff_64\x9b\xbf\xa7\xfe\xff\xdf\xe7G\xbc?;\x01\x00@\xd6e\xbc?\xf8\xff\xff\x1f\x14\xe8\xab?q\x00\x00 +\xeb\xc0?\x94\xff\xff\xdfe\x8a\xbf\xbf'
p24
tp25
bag5
(g6
(I0
tp26
g8
tp27
Rp28
(I1
(I128
tp29
g15
I00
S'_\x00\x00\x00\x87T\x9f\xbf!\x00\x00\xe0S*\xb9?\x13\x00\x00@\x1f\xcf\xb3?\xf2\xff\xff\x1f\xbf\x8f\xa3?\x03\x00\x00\xa0\xb0\x91\xa9?\xe5\xff\xff\x7f\xecF\xb5?\xe7\xff\xff?G\tx\xbf\xe7\xff\xff\x7f\x88-\x82\xbfw\x00\x00 \x80\xa1\x9c?N\x00\x00\x008\x9b\x98?\r\x00\x00\xe07\xa2\xa6?\xc6\xff\xff\xff\x81\x1c\xa9\xbf\x06\x00\x00\xc0+R\xb3\xbf\xf7\xff\xff\xbf+\x88\x7f\xbf\xf0\xff\xff\xbfh\xa0\xc3?\xe1\xff\xff\x9f\xea\x8c\xaf\xbf\xf4\xff\xff_\xf1\xed\xc4?\xd4\xff\xff\x7f0\xc2\xad?\xf1\xff\xff\xdf\xda\xf0\xb4?\xf7\xff\xff\x7f\x13n\xa0\xbfE\x00\x00\xa0G~\xa1\xbf-\x00\x00`R\xc8\xa1?g\xff\xff\xdfC4\x8d?\xfe\xff\xff\xdf?P\xb0?\xf4\xff\xff_\x8fM\xb4?\x00\x00\x00\xe0\xaa\x90\xb1\xbfd\x00\x00\xe0`P\x92?\xa4\xff\xff\xff\xd3AU\xbf\x19\x00\x00\x00\xd5\xc9\xbc?\x0e\x00\x00\x80}3\xb1\xbf\x9b\xff\xff\xdf\xeb\xdc\xcb?\x1e\x00\x00`)\xa8\xa0\xbf\x00\x00\x00\x80,\x9b\xa8?T\xff\xff?\xe8\xb5V\xbf\x98\xff\xff\xbf\xdd\xf5\xbf?U\xff\xff\x1fF\xd3\xc1?;\x00\x00@\x938\xa7?D\xff\xff\x7f\xbap\x8b\xbf\xfd\xff\xff\xdf\xf1\xa2\xb0\xbf\x0f\x00\x00\xa0\xc7\x01\xb2\xbf!\x00\x00\x80\xd5T\xa6?\xc2\xff\xff\x1fc7\xa9?\xe7\xff\xff\x1f\x80\xc1\xa4\xbf\x1e\x00\x00\xc0vM\xa8?\x19\x00\x00@\x9ce\xb1\xbf\xee\xff\xff_\x12\x89\xa9?\x84\x00\x00\xe0b\xbc\x92?0\x00\x00`\x1f\xd3\xa4?5\x00\x00\xc0%\x12\xaf\xbf\xf5\xff\xff\x7f\xed\x88\xb7\xbf!\x00\x00@+8\xb4\xbf\xff\xff\xff\xff\xb1V\xb1?\xe6\xfe\xff?D\xec\x8e?\x01\x00\x00\xe0\xdb\x16\xc4\xbf\xf8\xff\xff_\xaa\xe5\xa1\xbf\xfe\xff\xff\x7f7~\xbc?f\x00\x00`\xf8\xe9\xc2\xbf\xf7\xff\xff_\\\x90\xb5?\xd0\xff\xff\x7fZ\xe5\xae\xbf\x8d\x00\x00`\n\r\x96?}\x00\x00\xc0\xe0\xf4\xc6\xbf6\x00\x00@\x8c_\xa4\xbf\xe6\xff\xff_\xe5\xa6\xb1?\xcc\xff\xff_\x1b:\xcb\xbf\xf9\xff\xff?\xb7\x12\xca?\x19\x00\x00@\n#\x82?-\x00\x00@\xcc\xbc\xa2?\x19\x00\x00\xe0\t}\xbb\xbf\x8a\xff\xff\xdf\x9cs\xc6\xbf\x99\x00\x00\xc0\xf8\xc2\xc9?\xf3\xff\xff\xbf5+\x83?\x0c\x00\x00\xa03m\x81?#\x00\x00\x00\xe3\xb1\xb0\xbf+\x00\x00\xe00D\xad\xbf\xee\xff\xff_\xe1<\xa5\xbf\xfa\xff\xff\xdf\xfc\x8d\xb3\xbf\x89\x00\x00\x00\x8eX\x9c?\xd6\xff\xff\x9fz\xd2\xc0?S\x00\x00\xa0S\xf3\x86\xbf\r\xff\xff\xffI\xe8\xbf\xbf\xd4\xff\xff\xff\x8d#\xc2\xbf\'\x00\x00\xc0\x05\x88\xaa?\xf9\xff\xff\x9f\xa2K\xb1\xbf0\x00\x00\xe0K\xae\xac\xbf\xc2\xff\xff\xff\xc8\xf6\xaf?\x9a\x00\x00\x80\t\x03\xc3\xbf\xc1\xff\xff\xdf~\xde\xaa\xbf\x06\x00\x00 0\xddq\xbf\x07\x00\x00`\xd3\xb5\xa4\xbf\xf4\xff\xff_\x05\x9d\xb8?\xb1\x00\x00\xc0&\xdd\xbb?=\x00\x00\x80c\x88\x96?\x0e\x00\x00\xa0\xefG\xa0\xbf\xd3\xff\xff\x7fl)\x8d\xbf\xa2\xff\xff?\xd3c\xcb?+\x00\x00\xa0c\xa3H\xbf\x19\x00\x00\xc0>\x88\xaa?\xca\xff\xff?\x16!z?\x12\x00\x00\x80SX\xb2\xbf\x10\x00\x00\xe0\xbf\x97\xa3?\xc6\x00\x00\x00\xf6e\xba\xbf\xa0\xff\xff\x1f\xe2\xa7\x9f?\x11\x00\x00\xc0\xcc\x92\xb2\xbf\x15\x00\x00\xc0@\xb3\xb8\xbf\xbe\xff\xff\x9f\xd6L\xac\xbf9\x00\x00`8\xe8\xbb?\x89\xff\xff\x9f\xb8\x8e\xc0?\xd4\xff\xff\x1fY\xbe\xc7\xbf\x1c\x00\x00\x80Do\xc4?O\x00\x00`q\xb7\x87\xbf\xfc\xff\xff\x1fW\xa4\xa6\xbf\xc4\xff\xff\x1f\'\xc4\x92?\x16\xff\xff\x7f\x0eL\x8f?\x00\x00\x00\xc0\xfb"\x82?\xa6\x00\x00\xc0]\xdc\xc3?\xf7\xff\xff\x7flh\xb8\xbf\xf4\xff\xff\xbf\xab\xb8\x98?p\xff\xff\x9f\xe3\xce\xc3\xbf\xf3\x00\x00 \x81\x04\xbc?\xbc\x00\x00`\x8e\xdf\xbd?\xbb\xff\xff\xffV\xa7\xae?\x0b\x00\x00 \n\xc7\xaa\xbf\x14\x00\x00\x00\xbaK\xa5\xbfi\xff\xff\xbf(\x17\xba?\xf2\xff\xff\xff\xae\xbb\xb8?\xdf\xff\xff\xff\x11\xd9\xa0?\xdf\xff\xff\x1f"\xbd\xc0?\x03\x00\x00 \x98\xf7\xb1\xbf'
p30
tp31
bag5
(g6
(I0
tp32
g8
tp33
Rp34
(I1
(I128
tp35
g15
I00
S"4\x00\x00`\x1d\x06\xa7\xbf\xd2\xff\xff\xbf[\x05\xbc?$\x00\x00\xa0(\x1d\xb1?3\x00\x00\xe0\xd3\xa7\xa9?&\x00\x00\xa0b\xed\x9f?\xfa\xff\xff\xff\x0c\xda\xb4?!\x00\x00@\xfa\r\xb0\xbf\xbe\xff\xff\xbfH\xb7\xad\xbf\x16\x00\x00@\x00A\xad?+\x00\x00\xe0\xff\xef\xa2\xbf\x17\x00\x00\xa0\xc3+\xa5?\xc4\xff\xff\xdf\xd5\x13\xa3\xbfS\x01\x00@\x04f\xbb\xbfF\x00\x00\x80'8b\xbf)\x00\x00\x80\xa9T\xbb?\xd1\xff\xff?\x880\xac\xbf\xaf\x00\x00\x00\xc8'\xc2?\xe1\xff\xff\xff\x90\xc8\xa6?\x08\x00\x00\xa0A\x8b\xb5?\xee\xff\xff\xbf_\xce\x9b\xbf\xfb\xff\xff\xdf\x19\r\xa2\xbf\xc9\xff\xff_\xc4\x9a\xac?1\x00\x00\x80\x07\xdb\x94?\x00\x00\x00\xc0$\x05\xb0?\xe3\xff\xff\x1f=\xe5\xb1?\x13\x00\x00\xc0\x1a\\\xb1\xbf\xe4\xff\xff_5\xc7\xa6?\xfc\xff\xff\x7f\xa4\xf9\x90?\xfa\xff\xff\x7f9\xe1\xb6?\xe0\xff\xff?O\xa8\xae\xbf\xbc\xff\xff\x1f+\xa8\xcb?\xd5\xff\xff\x1f1,\xa3\xbf\x0c\x00\x00 \x13\x15\xb3?\xee\xff\xff\xff\x87\xc4}\xbfO\x01\x00\x00\x84\xa6\xbf?m\xff\xff\x1ft\x9b\xc5?\xc7\xff\xff\x9f\xdb\x1c\xab?\xfc\xff\xff\xff\xd0D\xa2\xbf\xfe\xff\xff\xbf\xb9\x1e\xb3\xbf\x02\x00\x00\x00\xc4\xa8\xaa\xbf\xe3\xff\xff?\xd7\xd1\xa1?6\x00\x00\x80Sy\xa7?\xff\xff\xff\x1f}5\xa0\xbf\x80\x00\x00``\x9c\x99?\xd7\xff\xff\xdf-k\xa6\xbf!\x00\x00\xc0k\xb8\xb3?\x12\x00\x00`\xcdn\xa3?S\x00\x00@\xc1H\x9b?\x19\x00\x00\xc0o\x16\xb2\xbf\x12\x00\x00\x80g\xb9\xb0\xbf\xf4\xff\xff\xffr4\xb9\xbf\r\x00\x00\xe07>\xb6?\xd9\xff\xff\xff\xd9\x93\xa9?\x97\xff\xff\xbf\x8f\xf6\xc0\xbfB\x00\x00@^\xd2\x9f\xbf\xe3\x00\x00\x80\xe1\xc0\xbc?y\xff\xff_\xc8b\xc0\xbf\xfe\xff\xff\xbf\xfe\xbb\xad?\x0b\x00\x00 \xf6\xc5\xb2\xbf\xc0\xff\xff?\xf4\x99\x9e?C\x00\x00@6\xd6\xc6\xbf+\x00\x00 \xd7As\xbf\xdf\xff\xff\xdf\x15\x12\xb5?\xeb\xff\xff\x7f\x9a\xe9\xca\xbf+\x00\x00@a:\xc9?$\x00\x00\xc08\xc5x\xbf,\x00\x00`\x04\xb9\xa8?\x86\xff\xff\xff}\xcc\xbe\xbfN\xff\xff\x9f\xec\x0b\xc6\xbf\xbc\xff\xff\x9fWI\xce?,\x00\x00\xa0~C{?>\x00\x00\xa0\xc1\x9d\xa1\xbf\xef\xff\xff_\xb9\xc8\xb1\xbf\xec\xff\xff\xdf\x8et\xab\xbf\x0f\x00\x00\xa0\xe38\x84\xbf\xcb\xff\xff\xdf\x8c\xf8\xad\xbf\x99\xff\xff\xff\x1a\xed\x97?\xd7\xff\xff_\x8b\x9e\xbd?\xd8\xff\xff?g\x7f\xa9\xbf\x7f\x00\x00\x00\x13\x95\xc0\xbf\xad\xff\xff?CR\xc0\xbf\x1f\x00\x00\xc01H\xb4?\x12\x00\x00\x00O/\xb3\xbf\x1f\x00\x00 \xf5\xe2\xa9\xbf\xe7\xff\xff\x7f&\x95\xa8?\xe8\xff\xff\x7fC\xc4\xb8\xbf\x16\x00\x00@\x00\xf1\xb4\xbf\xc2\xff\xff_\x837\x97\xbf\x11\x00\x00`\xf5\xa2\xb5\xbf\xfc\xfe\xff\x9f@\xa2\xbe?[\x01\x00\xe0\xcfY\xbf?g\x00\x00\xc0r\x9ab?\x93\xff\xff\xdf\xe6N\x9a\xbf\xfa\xff\xff\xffLW3\xbf\x8b\xff\xff\xdf\xea|\xcd?#\x00\x00\xa0P1\x93?\xd7\xff\xff\xdf^\x9b\xa0?\xb4\xff\xff\xbf\t\xe1\x92?\t\x00\x00\xc0\xf8\xa8\xa8\xbf\xd3\xff\xff\x1f\x81\x94\xa2?\xef\xff\xff\xbfK_\xb9\xbf\x18\x00\x00`Ju\x98?$\x00\x00\x00\x00\x97\xb5\xbf\x03\x00\x00`s0\xb9\xbf\xd8\xff\xff\xbf\xb0\xa9\xa3\xbf\xee\xfe\xff\x9f4-\xbf?7\x00\x00\x80\x0e\xba\xc1?3\x00\x00\xe0,\x12\xc7\xbf\xa6\xff\xff?\xbd\x9f\xba?o\x00\x00\x00\xdd\xf7b\xbf\xfa\xff\xff_=\x9e\xaa\xbf\x0e\x00\x00\x00\xc3>k\xbf\x01\x00\x00 \xe8\xab\xa3?\x17\x00\x00\xe0\xc7\xbcn?b\x00\x00@Ca\xc0?\xe2\xff\xff\xdfX\xac\xb7\xbf\xc7\xff\xff\x7fUm\x9a?\x19\x00\x00\xe0\t'\xc3\xbf\x84\xff\xff\x9f\xce>\xc1?\xdd\xfe\xff_\xf6\x0b\xbe?\x07\x00\x00 \x0c\x96\xb2?.\x00\x00\x80\xc4\xbe\xaa\xbfX\x00\x00\xa0\xe46\x9d\xbf\x1a\x00\x00 \xee\x11\xb3?\xd9\xff\xff\x1fC\xbc\xb9?\xd1\xff\xff_\x0e\xac\xaa?{\x00\x00@\xbf\xea\xc2?\xf7\xff\xff\xff\x0eM\xae\xbf"
p36
tp37
bag5
(g6
(I0
tp38
g8
tp39
Rp40
(I1
(I128
tp41
g15
I00
S'\xc0\xff\xff\x7fvr\xab\xbf\x00\x00\x00\x80\xe7\x89\xa6?\x13\x00\x00@\xa9\xd1\xb0?\xfd\xff\xff\xbfWN\xb9?r\xff\xff?\x01\x18\x9d?\xfd\xff\xff_\x80\xce\xa2?\\\x00\x00\xc0\xad\x12\x9f?\xe6\xff\xff\x7f:\xa2\xa5\xbf\x9d\xff\xff\x9f\xa3 V\xbf\xeb\xff\xff\xbf\xd7\x10\xab?\xf5\xff\xff?\x12\x86\xb3?\xd6\x00\x00\xc0/\xfa\x8f?\xcb\xff\xff\x7f\xb5\x1c\x8e\xbf\xaa\xff\xff\xdf\xe3\xe2\x90?\x13\x00\x00 h\xc5\xb7?K\x00\x00\x00\x9cd\x9d\xbf{\x00\x00\xa0\xc7\xe0\xc7?\xe7\xff\xff\x9f\xac4\xb7?!\x00\x00\x00\xbd\x8a\xb8?\x02\x00\x00\xe0\x9f\x85\x84\xbf\xc6\xff\xff\xbfD\x15\xa1?\x03\x00\x00\xc0\xc0Y\xb1\xbf\xf3\xff\xff\x7f\x9f\x0b\xb6\xbf\x14\x00\x00@\x81#\xc1?\x0f\x00\x00\xe0\xe7_\xb8?\xc4\xff\xff\x1f\'\xac\x9e?\x12\x00\x00\xa0\x1e\x03\xb0\xbf!\x00\x00`O\xfd\xab\xbfl\x00\x00\xe0\xaa1\xc2?8\x00\x00`\x07p\x9a?\\\xff\xff?\x97&\xc7?\xb0\xfe\xff\x1f\xa0\xa8\xb9?/\x00\x00`GA\xaa?\xfe\x00\x00\xa01\x93\x8d\xbf\x1f\x00\x00@J\x10\xb3?\x06\x01\x00\x00S\x80\xbb?\xa8\xff\xff\xbfEs6?\xe5\xff\xff_\xd4\xc6\x80?\xed\xff\xff\xdfR\x05\x91\xbf\x17\xff\xff?\xa9\xba\xbf\xbf*\x00\x00\xa0\x91\xd0\xaf?\xf7\xff\xff\x9f\xad\xc6\x9d?\x0c\x00\x00`\xfab\x80\xbf\x9a\xff\xff\x9fL\xc3\x97?\xd7\xff\xff?6\xd7s\xbfL\x00\x00\x80\x8cP\x98\xbf\xdf\xff\xff\x1f\xac[\xb1?z\xff\xff\xff\xc8<\x9c\xbf\x1f\x00\x00\x80\x87\xb3\xb3\xbfp\x00\x00\xa0Wr\xcf\xbf\xec\xff\xff\xbfj\xed\xad\xbfo\x00\x00\xe0Z%\x94?\xf8\xff\xff?\xf3\xc3\xb2?\xe9\xff\xff\x9f\x17\xbd\xc4\xbf\x84\xff\xff\xbfT\n\x94?\x9e\xff\xff\x9f\xf1)\xc4?f\xff\xff_+\x1e\xc5\xbf\x17\xff\xff\x7f?`\xbf?#\x00\x00`D\xaa\xa5\xbf\xcb\xff\xff\x9fS\x86d?\xdd\xff\xff\x1f-\xc6\xc1\xbf\xcf\xff\xff?\xa7\x98\xaa\xbf\x10\x00\x00\xe0\xbf\x11\xb1?v\x00\x00\x00\x98\xe3\xc5\xbf\xd1\xff\xff\x7f\x1e\xfc\xc7?\xed\x00\x00\xa0u\xee\xbd?\xf1\xff\xff\xbfT\x17\xa3?\x17\x00\x00\x00\xe0F\xc3\xbf\x7f\xff\xff\xff\xf7\xd3\xc5\xbf\x1d\x00\x00\xc0\xb2z\xb3?6\x00\x00\x80"\xf9\x9c\xbf(\x00\x00\xa0W*\x97\xbf\xeb\xff\xff\x1f%\xc0\xb4\xbf\x14\x00\x00\xc0h\xcd\xb1\xbf\xea\xff\xff\x7f}2\x96\xbf\x0c\x00\x00\x00H\x94\xac\xbfC\x00\x00@6\xd4\xa8?\x1d\xff\xff\x1f\xbd\xe8\xbc?\xcb\xff\xff\x7f\x84\x90{\xbf\xec\xfe\xff\x9f\xe6q\xba\xbf{\x00\x00`\x8a\xd7\xc5\xbf\x0e\x00\x00\x80}\x1d\xb8?4\x00\x00`\x93O\xae\xbf\x06\x00\x00\xe0l*\xb7\xbf!\x00\x00\xa0\x16\xc5\xb0?k\xff\xff_\xbc\xb9\xc1\xbf\r\x00\x00`\x1b\x8b`?\x99\xff\xff?\xe2\xfa\x8b\xbf\xcb\xff\xff\x9f\x80\xb1\xa2\xbf\xd7\xff\xff\x1fk\xb6\xa3?\t\x00\x00\xa0r\xbb\xb0?-\x00\x00\x00\xf1\x81\xa2?\xa2\x00\x00\x80"\x9a\x8c\xbf\xa2\xff\xff\x9fy\xa5\x98?q\xff\xff\x7f\xbf\xd3\xc3?\xc9\xff\xff\x9fF\x83\x99?\xda\xff\xff_\'e\xa9?\xe3\xff\xff\x7f\xdf\xa3~\xbf\xee\xff\xff\x7f"#\x94\xbf \x00\x00@\xac\x06\xa3?\xf0\xff\xff\x9fX\x9c\xb1\xbf\xe0\xff\xff\x7fC\rx?D\x00\x00\x00[\x85\xa9\xbf+\x00\x00`\x18\x92\xa9\xbf\xe8\xff\xff\x1fX\xb7\xb2\xbfS\x00\x00\xc0\xbc\x0f\xc3?\xf3\xff\xff\xdf\xcf\x8b\xc1?\x01\x00\x00@=\xdb\xc4\xbf\xb3\x00\x00@\xef\x0c\xc3?\x1d\x00\x00\x80\xa6q\xb1\xbf\r\x00\x00`P\x12\xb6\xbf\x0e\x00\x00\xa0\x81H`\xbf\xc8\xff\xff\xffE\x89\xad\xbf\x15\x00\x00@Y9\xb2\xbf\xad\xff\xff\xff\x05\x91\xc6?\xe9\xff\xff\xffd\xd0\xb5\xbf\xd4\xff\xff\xbf\xc6\x93\xa2\xbf\x80\xff\xff\x7f\x190\xc8\xbf\x1e\x00\x00\xc0\xbb\x94\xb5?\x02\x00\x00\x00k2\xb6?\xca\xff\xff\xffNO\xa0?\x12\x00\x00\xe0\xb4\xa6\xb0\xbf\xee\xff\xff\x9f\xed\xf1\xb2\xbf\xc4\xff\xff\x1f\xe2\x06\xa4?\x02\x00\x00\xc0\xa3\xf8\xa1?\xe9\xff\xff_\x81\xdd\xc0?\x03\x00\x00\x00\x88\xed\xb6?\t\x00\x00@\x11\xa3\xb1\xbf'
p42
tp43
bag5
(g6
(I0
tp44
g8
tp45
Rp46
(I1
(I128
tp47
g15
I00
S'\xd4\xff\xff\xbf<\xad\xa3\xbf\t\x00\x00@\x87\x06\xb5?v\x00\x00\xe0V#\x9b?\xd6\xff\xff\x7f\xc3\x12\xa6?e\x00\x00 \x8aF\x91?\x04\x00\x00 p\xb5\xb2?\n\x00\x00\xc0F\xa4\xa1\xbf\xd3\xff\xff\xbf\xee\xb5\x9a\xbf\xfd\xff\xff\xff\xa8l\xb5?$\x00\x00\x80\xa2\xabu\xbf\xf9\xff\xff\x1f\x8aK\xb4?\xc0\xff\xff?~D\x9d\xbf\x1d\x00\x00\x00z\xe8\xb6\xbf}\xff\xff\xffd\x03\x93\xbf\x9c\xfe\xff\xff\xe93\xbc?\x10\x00\x00`N\xc7\xa9\xbfm\xff\xff_\xb10\xc1?\x05\x00\x00@\xce\xfe\xa7?\xfc\xff\xff?\xac\xf3\xb9?\xe3\xff\xff\xff\xfbz\xa4\xbf\xd4\xff\xff?\xdfy\x97\xbf\x03\x00\x00@\xa8\xed\xa8?\xef\xff\xff\x7f\x8c\xbd\x82\xbf\x0e\x00\x00`\xe3\xbc\xa6??\x00\x00\x00\xb6\x00\xae?\xcb\xff\xff\xbf\x90\xc7\xa3\xbf\xbf\xff\xff?\x92}\xac?\x7f\xff\xff\x9f\x82\x8c\x9b\xbf\xe5\xff\xff\x9f\xa3\x1a\xb6?\xda\xff\xff\xdf\xb5\x14\xa5\xbf\xa3\xff\xff\xff\xe3\xe3\xcb?\xfd\xff\xff\x7f\x90,\xa3\xbf\x08\x00\x00 Z=\xb5?L\x00\x00\xa0&Y\x94\xbf)\x00\x00\x80\xa9r\xc0?p\x00\x00\x00\xb9\x86\xc4?\xe9\xff\xff\xdf\xad\x10\xaf?\xc2\xff\xff\xbf\x15\xe2\xa0\xbf\x01\x00\x00@=\x87\xaa\xbf\xc2\xff\xff\xffR\xc5\xa5\xbf*\x00\x00`\xb69\xa1?\xe4\xff\xff?~\xbf\xa6?C\x00\x00\xa0f\xea\xac\xbf\xf8\xff\xff\x1f\xb2K\xb2?=\x00\x00`\xac\xc4\xa8\xbf\xc2\xff\xff\x7f\xf5}\xa0?F\x00\x00\xc0\xea\x8c\x9b?\xff\xff\xff?}c\x83?\x1d\x00\x00\x00\xbf\xcf\xa4\xbfx\x00\x00\xa0\x84\xde\xb9\xbf]\x01\x00@&]\xbb\xbf\xec\xff\xff\xbf\xc3+\xb1?\x88\xff\xff\xdf\x933\x97?S\xff\xff_\xe7\x87\xc0\xbf\x14\x00\x00\xa0\xb1\xfb\xa3\xbf\x7f\x00\x00\x00\x13Y\xc0?D\x00\x00\xa0>F\xc3\xbf@\x00\x00@8e\xae?\xdc\xff\xff\x7f]\xa4\xb8\xbf\x0f\x00\x00\xa0\x0c\xdb\xaa?2\x00\x00\xa0H_\xc7\xbf\xf1\xff\xff_\xdf\xa9\xb3\xbf1\x01\x00@\r\x15\xbb?\x0f\x00\x00\xa0Q\x00\xcb\xbf2\x00\x00@\xe7\x86\xca?\x00\x00\x00\x80\xa2T\xa2\xbf\'\x00\x00\xc0J\r\xad?\xd9\xff\xff\x7fK:\xc0\xbf\x0c\x00\x00\x80\xea\xc2\xc0\xbf\xba\xff\xff_\xcc\xa0\xc8?9\x00\x00\x80\xae\x1b~?^\x00\x00 \xf0H\x98\xbf!\x00\x00\x80\x06;\xb3\xbf\xe0\xff\xff_\xc1\xa2\xb3\xbf,\x00\x00\x80\xcf\xb5\xa3\xbf\x05\x00\x00`\xad.\xb4\xbf\xb7\xff\xff\x7f\x0f^\x93?\x8c\xff\xff\x9f\xfb\xd4\xc1?\xe6\xff\xff\xdfV\xeb\xb0\xbf\x0c\x00\x00`x\xb6\xbf\xbf\x8d\x00\x00\xc0\xe1\xbc\xc1\xbf\xe7\xff\xff?|\xe4\xb1?!\x00\x00\x00\x1f\x19\xb5\xbf\xb8\xff\xff\xdf4\xb5\xa6\xbf\x03\x00\x00\xe0\x8b\x00\xa6?\x1f\x00\x00@{\x0e\xb9\xbf\xf9\xff\xff\xff4n\xa9\xbf@\x00\x00\xc0\xda}\xa1\xbf\xe6\xff\xff\xbfF\x95\xae\xbf \x00\x00\xc0\x7f\xf5\xb3?\xe3\x00\x00\xc0w\xc6\xba?;\x00\x00 %\x83g\xbf\xdf\xff\xff?\xed\xdb\xab\xbf\xef\xfe\xff\x7f\xb7{\x89\xbf\xb4\xff\xff\xff\x8b\x8b\xcd?\x04\x00\x00`\x0e\t\x84?\x1d\x00\x00\x80\x92\x88\x9e?$\xff\xff\x1f\xcd\x83\x8f\xbf\x0c\x00\x00 X\xfe\xa8\xbf\xd7\xff\xff\xff\x9fY\xaf?\x7f\x00\x00\x00\x13\xef\xbc\xbf#\x00\x00@\xbe~t?\x1a\x00\x00\xc0G\x0e\xb4\xbf\xf2\xfe\xff_\x88\x89\xbe\xbfR\x00\x00\x00gF\x9d\xbf\xa3\xff\xff\x1f\xafj\xbc?~\xff\xff_Y\x98\xc2?3\x00\x00\xe0,.\xc8\xbf\xea\xff\xff\x9f\xef\x84\xb8?5\x00\x00\xc0^Lq?\xf1\xff\xff\xbf\x0f\x9a\xb3\xbf\r\x00\x00`\x95q\x9c\xbf\xe4\xff\xff\x1f\xb3\xc2\x97?V\x00\x00\xc00$\x90\xbf\x90\x00\x00\xa0\xb2\x82\xc2?"\x00\x00@\\\x1e\xb7\xbfC\x00\x00\xe0\xb7\n\xa7?\x90\xff\xff?\xdd^\xc6\xbf\xdb\xff\xff\xbf\xd6\xf4\xc0?\x00\x00\x00\xe04\x05\xb8?\xdd\xff\xff?)\xa5\xb2?,\x00\x00@j\x0c\xad\xbf,\x00\x00@~-\x96\xbf\x07\x01\x00\x80&\xc9\xba?\xd2\x00\x00@\xa3\x9f\xbc?`\x00\x00@\xf5s\x9e?*\x00\x00\xc0\xe6\x9d\xc1?:\x00\x00\xa0M\x89\xa1\xbf'
p48
tp49
bag5
(g6
(I0
tp50
g8
tp51
Rp52
(I1
(I128
tp53
g15
I00
S'\x0b\x00\x00\xa0g\x16\xa9\xbf\xc6\xfe\xff\xff\r\x7f\xba?\x0b\x00\x00\x00\xc9H\xab?\xbf\xff\xff\x1f\x0c\x12\xad?\xc5\xff\xff\x7f\x07.\xa3?\xde\xff\xff\x9f\x93\t\xb7?+\x00\x00\xa0\xdf\xdf\xa8\xbf\x0f\x00\x00\xc0\x92~\xb4\xbf\x19\x00\x00\xa0\xa4A\xb2?\x07\x00\x00@\x8a\xcd\x82\xbf\x01\x00\x00\x00\x93D\xaf?Z\x00\x00@G\xa1\x98\xbf\xe4\xff\xff_\xbf\x91\xb4\xbf\xd2\xff\xff\x7ft\xebe?\x11\x01\x00\x80Hx\xbb?\x0c\x00\x00@\xdeQ\x9a\xbf\xc3\xff\xff?\xd5]\xc2?\xe6\xff\xff\xdf\x873\xaf?\x0f\x00\x00`EE\xaa?\x03\x00\x00\xe0\xbc\xfc\x9a\xbf\x8d\x00\x00\xc0k\xbb\x93\xbf\x10\x00\x00\xc0\x08\x08\xa7?e\x00\x00\x00\xab\xdc\x85?\x0c\x00\x00\xa0\xb5\x11\xb4?\xf3\xff\xff\xdfv\xe5\xad?\xce\xff\xff\xff$x\xaa\xbf\xfa\xff\xff_)\x81\x80?\xdf\xff\xff\x9f{\ry\xbf \x00\x00 \x88\xe9\xb8?A\x00\x00\xe0i\xf3\xa2\xbf\xb1\x00\x00\x00dh\xcd?<\xff\xff\x1f\xca\xef\x8f?\xe8\xff\xff\x7ft\x88\xad?\xef\xff\xff\x7fGLo\xbfa\xff\xff\xdf\xc6\x15\xbf?\xe1\xff\xff\x7f\x1f\xd0\xc6?\x0f\x00\x00\x00\xb3\xa2\xa5?\x1b\xff\xff\x1f!\xaa\x88\xbf\x0e\x00\x00\x00=\x91\xac\xbf<\x00\x00`6\x1f\xa7\xbf7\x00\x00 #\x1b\x97?F\x00\x00@H8\xac?2\x00\x00\x80\xaep\xa9\xbf\x1a\x00\x00\x80\x94\xb9\x8b?\xf0\xff\xff?P\x02\x9a\xbf8\x00\x00 \xca\xe0\xa2?,\x00\x00@\xc3j\xa0?\x1f\x00\x00\x00*V\xa6?\xf8\xff\xff\x1f\x14$\xac\xbf\xe3\xff\xff\x1f\xc7?\xb6\xbf"\x00\x00@\xd2A\xb6\xbf\x1b\x00\x00 \x0b\xc9\xb0?\xe5\xff\xff?\x9b\x8e\xa2?4\x00\x00\xa0\xe4\x93\xc2\xbf\xdf\xff\xff?\x94=\xa2\xbf\xf3\x00\x00\x00\xb6c\xbf?\xa8\xff\xff_\xd6;\xc2\xbf\x1f\x00\x00\xa0!\x82\xb6?\xdd\xff\xff\xbf\x86\x08\xb4\xbf\xfe\xff\xff\x7f\xdew\xa4?\x8a\x00\x00 \xa7\xcc\xc8\xbf\x14\x00\x00\x00\xebG\x90\xbf\xe7\xff\xff\xdf\xfd\xda\xb8?\xad\xff\xff\x9f\xa4N\xcd\xbf3\x00\x00\x00\xf8d\xca?\xe2\xff\xff\x9f\x0f\xe2v?\xeb\xff\xff\x1fj\xff\xa7?\x19\xff\xff\x1f\xd3\x02\xba\xbfJ\x00\x00\x80\xabH\xc8\xbf|\xff\xff\x1f\'"\xcc?:\xff\xff\xdf*D\x86?`\x00\x00`\x8f\x9c\x88\xbf\xe5\xff\xff\xbf\xb3\x82\xb1\xbf\xfe\xff\xff\x7f\xdeo\xa7\xbf\xa3\xff\xff\x1fji\x9f\xbf\xf0\xff\xff\x7f\x17\xc8\xb1\xbf^\x00\x00\x009y\x9c?2\xff\xff_\xe5\'\xba?)\x00\x00\xc0\x0e\xee\xa9\xbf\x90\x00\x00 \x86\x0f\xc1\xbf+\x01\x00 \nO\xbb\xbf\xde\xff\xff?\x01\xab\xb4?#\x00\x00`07\xb6\xbf\xf9\xff\xff\xbf\xe3\x99\xb1\xbf\x01\x00\x00\xc0\x86\r\x96?\xb2\x00\x00\xe0?\xbd\xbb\xbf\xec\xff\xff_\x1d\x90\xb0\xbf+\x00\x00\xa0i"\xa0\xbf\x19\x00\x00\x00\x06N\xb3\xbfO\xff\xff\xdfw\xf8\xb9?\xac\x00\x00\xc0\x95\xf9\xbb?,\x00\x00\xe0\x96-q\xbfZ\xff\xff\xdfq\xf1\x8f\xbfT\xff\xff\x7f\x8aB\x8c?m\x00\x00\xe0Q\xf1\xcd?7\x00\x00@\xbd\xbb\xa2?d\x00\x00\xc0\x0b\x91\x90?k\x00\x00`}\xd6g?-\x00\x00\x80\xa7O\xaa\xbf\x0c\x00\x00@#?\xad?\x12\x00\x00\x00\n\xb6\xb5\xbfc\x00\x00\x80`r`?o\x00\x00\xc0\xd4\xc1\xbb\xbf\xe9\xff\xff\x7f\xd6n\xb5\xbf\x85\x00\x00@\xcd\x9c\x9a\xbf\xad\x00\x00 EE\xc0?V\x00\x00\xa04m\xc0?\x06\x00\x00\xa0\xd6\xd4\xc9\xbf{\x00\x00\xe0\xb6\xd2\xbf?b\x00\x00\x00\x17hX?!\x00\x00\x003j\xb3\xbf\x8c\xff\xff\x7f\xff/\x94?\xc4\xff\xff\xdf|\t\xa0?\x80\xff\xff_N\xbb\x84?]\x00\x00@Y\x9d\xc2?\x14\x00\x00``\x85\xb5\xbf}\x00\x00\xc0\xe0\x82\x8c?\x95\xff\xff\xbfA\x85\xc0\xbf\x05\xff\xff_~\xa4\xbe?>\x00\x00`p\xb9\xbe?\xfb\xff\xff\xbf\x93\xfd\xb1?\xee\xff\xff\xff:\xf1\xab\xbf\x11\x00\x00 \xfdV\x93\xbf\xee\xff\xff\xdf\xf9\xe2\xb4?\x00\x00\x00\x80qD\xb5?\x16\x00\x00@Eh\xb1?\xf0\x00\x00\x80Fd\xbe?\xdd\xff\xff\x9f\xbbs\xb1\xbf'
p54
tp55
bag5
(g6
(I0
tp56
g8
tp57
Rp58
(I1
(I128
tp59
g15
I00
S'\xb9\xff\xff\x9fv)\xa1\xbfY\xff\xff\xdf\xf2\x81\xc1?"\x00\x00`\'Y\xb8?)\x00\x00@\',\xa6?S\x00\x00 \x80\x1e\x97?\x1e\x00\x00\x00!\xfc\xb6?\xcc\xff\xff\x7f\x8d\xe6\xa8\xbf\x08\x00\x00\xa0\xfc\x83\xac\xbf\xab\x00\x00\x80X\xb6\x84?\x04\xff\xff\xff\xff\xc2\x8e\xbf\x03\x00\x00`s\x06\xa7?\xbe\xff\xff\xbfH\'\xa6\xbf\x1d\x00\x00 1\xde\xbc\xbf\x1d\x00\x00\xa0\xdb|w\xbfh\xff\xff\x7fD\x9e\xbe?4\x00\x00\xc0\xc3\x81\xa9\xbf\xab\x00\x00\xe0\xb9\xba\xc0?\xe7\xff\xff\xbfw\xbd\xad?\t\x00\x00`!\x19\xb5?2\x00\x00 M:\xa6\xbf\xcb\xff\xff_\xa5\x9a\xa5\xbf\x0b\x00\x00\xc0\xd9\xee\xb1?B\xff\xff\xff\xdd\xf1\x86?8\x00\x00@\xda\xa6\xae?\x19\x00\x00`g8\xb2?-\x00\x00\x00\x8f\xed\xac\xbfC\x00\x00\x80V\x18\xa4?+\x00\x00\xe0\xbaF\xa1?\xb6\xfe\xff\x7f\xe0\xcd\xbb?\xdd\xff\xff\x7f\x04\xea\xad\xbf\xa6\x00\x00\x80 M\xc6?.\x00\x00 w\xe9\x90\xbf+\x00\x00`\xa2\xf4\xa8?\xf5\xfe\xff_i\xf5\x87?\xa4\xff\xff?\xc8\x9a\xbe?\x91\xff\xff?\x844\xc3?B\x00\x00 \xd8\xee\xad?2\x00\x00`\x9eZ\xa4\xbf/\x00\x00\xc0w?\xa7\xbf\xdd\xff\xff\xbf\xfc\xc3\xa5\xbf\x88\x00\x00\x80\x89\xb7\x9f?\xe2\xff\xff\x9f\xd6\xc3\x9b?\x13\x01\x00\x80=\x91\x88\xbf\x96\x00\x00\xe0d"T?!\x00\x00\x00\xda]\xa6\xbf\n\x00\x00\xc0\xd0 \xb6? \x00\x00\x80\xe9\xf9\xac?\xe6\xff\xff?\xe9a\x95?\xfa\xff\xff\x1f\xec\x89\xbd\xbf<\x00\x00`\x05s\xaf\xbf\x07\x00\x00\x00\x10\xc9\xb1\xbf\xf6\xff\xff\xdfkZ\xbb?\xb2\xff\xff?-r\x97?[\x01\x00`\xa3\x1e\xbd\xbfN\x00\x00\xa0\xa5\x10\x9e\xbf\n\x00\x00`*\x1f\xbb?t\xff\xff\x7f[\x16\xbc\xbf\xf7\xff\xff\xdfC\x9c\xae?\xe3\xff\xff\xdf\x89\xaa\xb3\xbf\xd1\xff\xff_S\xd1\xa0?\xb7\xff\xff\xdf\\q\xc4\xbf\xe5\xff\xff\xbf)\x9ap?\x0b\x00\x00\xc0\xa8P\xb5?L\x00\x00\x80G\xb1\xca\xbf\xe3\xff\xff\xdf\xce\xcb\xc8?h\x00\x00`c\x00\x99?\xce\xff\xff\xff$\x18\xa4?\xa1\xfe\xff\x9f\x19q\xbf\xbf1\x00\x00`\x0b\x86\xc7\xbf\xe7\xff\xff\x1fO\x8b\xd0?\x08\x00\x00\xc0Uh\x80\xbf\xe5\xff\xff\x7f\xec\x9e\x98\xbf\x06\x00\x00`q\xd7\xb0\xbf\x92\xff\xff\x1f\x91u\x92\xbf\xe1\xff\xff\x9fC\xff\\?\xe4\xff\xff_5C\xb3\xbf)\x00\x00@\x9d\xfd\x9f?\x19\xff\xff_i\xc8\xbb?G\x00\x00\xc0\xa5\xff\xa2\xbf9\x00\x00\xa0\xce\xa5\xc3\xbf\xa3\x00\x00`\xb9\xb9\xbc\xbf\xfb\xff\xff\xdf\x19o\xb7?\xf5\xff\xff\x1f\x8cF\xb1\xbf\xde\xff\xff\xff~\x8e\xb0\xbf\xcc\xff\xff\x9fl\x88\xa4?\x83\xff\xff\x1f\xad\x02\xba\xbf\x04\x00\x00@O\xd5\xb6\xbfN\x00\x00@u\xde\x9c\xbf\xe8\xff\xff\x9f?G\xb3\xbf\xed\xff\xff\xffb\xc5\xc2?\x13\x00\x00\xa0;l\xc1?\x9a\xff\xff\xdfp\xc8T?\x1e\x00\x00@^\x0f\xa0\xbf~\xff\xff?\xe7\x7f\x87?\xda\xff\xff_\'\xbb\xcb?{\xff\xff\x9fg\xb6\x99?F\x00\x00\xc0\xb9\xa0\xa5?\xcc\xff\xff\x7f\\\x96\x9d?n\x00\x00\xc0r\x99\x9d\xbfX\x00\x00`1\xb6\x9f?R\x00\x00\xe0\x87T\xba\xbf\xbc\xff\xff\x1f\xe6\xe0\xa0?\xee\xff\xff\x9f2q\xb6\xbf\xdc\xff\xff\xbf\xaeT\xb2\xbf2\x00\x00 \x92\xcb\xa0\xbf\xca\xff\xff\x9fcp\xc0?\xeb\xff\xff?\x04\n\xc1?\x91\x00\x00`jn\xc4\xbf\xa4\xff\xff?\xc8"\xbb?#\x00\x00\xe0+\x84\x9a\xbf\xd4\xff\xff\x9fTQ\xa2\xbf\xb3\xff\xff\xbf\xa7\xc8\x92?\xff\xff\xff\x1f\xf3\xbe\xa4?i\x00\x00\x00#*g?\xf0\xff\xff\xbfhV\xc2?\xf3\x00\x00\x00\x0fn\xbb\xbf\xe8\xff\xff\x9f+\xf0\xa0?\xc8\xff\xff?f\xdb\xc2\xbf\x94\x00\x00@;\xb0\xc2? \x01\x00\x00\xcf\x03\xbc?\x0f\x00\x00 \xf4\xe0\xb5?:\x00\x00\xe0Y\xd0\xae\xbf\xe8\xff\xff\xff\x94Hz\xbf\x04\x00\x00\xc0\xdd:\xb1?\xca\xff\xff\x9fcf\xbb?\n\x00\x00\xa06\x96\xac?\xc8\xff\xff\xff\xcf\x03\xc5?\xed\xff\xff\x9f\xd0\xc2\xb3\xbf'
p60
tp61
bag5
(g6
(I0
tp62
g8
tp63
Rp64
(I1
(I128
tp65
g15
I00
S'\xf8\xff\xff\x7f\xffX\xa3\xbf\xe3\xff\xff_\xa2\x02\xbd?\x06\x00\x00@\xffB\x7f?\x11\x00\x00`\t0\xb3?\x07\x00\x00@\x92g\xb2?\xf6\xff\xff\x9f|\x86\xb3?\xbb\xff\xff\x9f\x05\xd5e?;\x00\x00@b\xb8\xc2\xbf\xf7\xff\xff\x1f\xc6,\xb6?\xc6\xff\xff\x9f4\x97\x96\xbf\xef\xff\xff\x9fO\xec\xb2?\xa6\xff\xff\xdf>\x8a\x9f?\xf0\xff\xff\x9f\x9ds\xaf\xbfy\xff\xff\xffj\x9d\\?6\x00\x00\xe0\xc8X\xa5?\xd1\xff\xff\xff{\r\xa3\xbf\xaa\x00\x00`?*\xbf?$\x00\x00@ \xf7\xb3?\xaa\xff\xff\xdf\xb2f\x99?G\x00\x00\xa0\x0b\xb3\x93?\xe0\xff\xff\xff\xa8Nr?\xa6\xff\xff_\xcd\xf5\x9e?\xe9\xff\xff\xffxs\xb2\xbf\xc7\xff\xff?z\xca\xaa?@\x00\x00`e\xc2\xa8?6\x00\x00 \x1aa\x93\xbf\xed\xff\xff\xdf\xdc/\xb1\xbf+\x00\x00 \x82,s\xbf\xff\xff\xff\x1f$!\xc0?\x19\x00\x00\xc0\xb4\x85\xac?R\x00\x00@\xe9\xe4\xc7?\x18\x00\x00`{s\xb8?\xd6\xff\xff?\xd4V\xa7?G\x00\x00\x00m!\x97\xbf\x91\xff\xff\x1f`U\xc0?\x8b\xff\xff\xbf\x1fb\xc4?\x14\x00\x00\x80\xd2\xd1\x9d?\xb7\xff\xff_0\x14\x96\xbf\x02\x00\x00 \x8f\xe5\x8c\xbf\x1b\x00\x00\xe0\x88R\xb7\xbf\xd1\xff\xff\xbf>*\xa7?\xfc\xff\xff\xbf\x7f\xdc\xa7?\x91\xff\xff\xff\x1e\x17\x97\xbf\xf2\xff\xff\xff$\x93\x93?a\x00\x00`\xddO\x92\xbf \x00\x00\xa0om\xab?\xb9\xff\xff\x9f\x8a\x96\xa7?\x0e\x00\x00\xc0\xce\xb5\xa2?H\x00\x00\x80q\x06\xaf\xbf\xb3\xff\xff\xbfN\xb6\xc1\xbf)\x00\x00\x80\xa9$\xbf\xbf\x0f\x00\x00\xa0\x96=\xb8?\x18\x00\x00\xa0\x9b\xb1\xa3?m\x00\x00\xa0\x14 \xc2\xbf\xf1\xff\xff_\xbafD?\xc6\xff\xff\xff\xda\xfa\xbf?\x15\x00\x00\xa0\x89\xe9\xc9\xbf\xa1\x00\x00\xa0Z&\xbd?P\xff\xff\x1f\xb5\xdf\xc1\xbf\xfa\xff\xff_\xb3#\xb1?\xe6\xff\xff\xbfF\xe5\xc5\xbfQ\x00\x00\xe09a\x8a\xbf\xa0\x00\x00@\xab\xc4\xc3?\x13\x00\x00@3j\xc8\xbf\xd8\xff\xff\x9fo\x83\xc7?\xbc\xff\xff\xdfc\x00\x98?\xba\xff\xff\x1f\x8fg\xa6?\x1c\x00\x00\xc0\xda:\xbc\xbf\xf6\xff\xff\xbfG1\xc8\xbf\xbf\xff\xff\x1f\xc7\xda\xc3?\xd7\xff\xff\xbf\x93\xc2\xa6?2\x00\x00`\xb2\'\xa0\xbf\xf8\xff\xff\x1f(m\xab\xbf\xe1\xff\xff\x1f\xe6\x17\x9d\xbf\xbb\xff\xff?\xd9+\xa6\xbf\x06\x00\x00\x00\xf3\xcb\xa2\xbf\x1f\x00\x00\x80\x9b~\xa4?\x08\x00\x00\x80v\xc0\xb0?\x13\x00\x00\x80\xfac\xad\xbf\x10\x00\x00\xa0\x9f\xab\xc2\xbf\x10\x00\x00\xa0={\xb5\xbf{\xff\xff\xff\xb4\xad\xc0?\xf3\xff\xff_\x19\x14\xb8\xbf/\x00\x00@\x06_\xa6\xbf\xf4\xff\xff\xdf\xa7M\xa2?\x02\x00\x00 \x05\xa5\xb8\xbf\xfc\xff\xff\xff\x15\xc6\xa8\xbf\x12\x00\x00\x80gw\xa0\xbf\x08\x00\x00\xa0\x9a\x7f\xb1\xbfH\x00\x00@\xc7\x7f\xbc?\x80\x00\x00\x80\x8d\xf7\xc0?;\x00\x00\xc0z\xd6\xa3\xbf\xbf\xff\xff\x7f\x9e\x90\x9f\xbf\x19\x00\x00\x00\xc1\xb4\xaa?\xed\xff\xff\xffb\xed\xc8? \x00\x00 \x94\x12X?\xf0\xff\xff\xdfd\xb9\x82?\x0c\x00\x00`d)\xa2\xbf\x8e\xff\xff\xffQ\x94\x90\xbf\x00\x00\x00\xc0$e\xac?\xc6\xff\xff\x7f}C\xae\xbf\xe3\x00\x00 \n\xc5\x8c?\xe8\xff\xff_d\xfe\xb6\xbf \x00\x00\xe0J\xb6\xb4\xbf\xfc\xff\xff\x1f\x12+\xb2\xbfp\x00\x00\x80\x8cO\xc6?f\x00\x00\x80jJ\xc2?w\x00\x00`\xa0\x11\xc2\xbf>\x00\x00\x80\x94\xac\xbe?]\x00\x00`\xdf@\x9d?\xf1\xff\xff\x7f\xbe\xe1\xa6\xbf\xcd\xff\xff\x9fu\xbe\xa0\xbf\xd2\xff\xff\xdf\x9c\xa7\xa5\xbf\xb7\xff\xff\xbf\x91\xba\x88?\x82\xff\xff?\xd1\x0b\xc0?\xf6\xff\xff\x7f\x80G\xb7\xbfh\x00\x00 \xe1\x0b\x87\xbf\xf3\xff\xff\x1ff\xbd\xc0\xbf\xbf\xfe\xff\x1fS\xdb\xbf?3\x00\x00\xe0\xd3#\xbb?\r\x00\x00\x80Li\xad?A\x00\x00\x00z\xa1\xa5\xbf\\\x00\x00\x00\x89\x95\x9d\xbf"\x00\x00\xe0?C\xb2?\xd2\xff\xff_+\xa3\xad?\x8d\x00\x00 C\'\xba?\xe8\xff\xff\x7f\xa5<\xbe?#\x00\x00`D\xa4\xb6\xbf'
p66
tp67
bag5
(g6
(I0
tp68
g8
tp69
Rp70
(I1
(I128
tp71
g15
I00
S'\xfd\xff\xff\xff\xd9p\xb3\xbf\xea\xff\xff?\x8eh\xb5?\x92\xff\xff_\x9d\x0c\x85?\xee\xff\xff\x1fK-\xb5?\xfc\xff\xff\xbfN\x98\x9d?\xc6\xff\xff\x1fM\xed\xae?\xec\xff\xff_)\xf3y\xbf\xb8\xff\xff\xbf8\xd0\xbb\xbf\xe6\xff\xff\xbf\x01\x9a\xb7?\xda\xff\xff\x1f}\xf6\x8c?\xfe\xff\xff?\\\x9b\xb3?\xdd\xff\xff_%\xe4\x94?"\x00\x00@\xd2\xc5\xb1\xbf\xc0\xff\xff\x7f\x00\x81\x94\xbf$\x00\x00@\x0c\xc2\xab?\xb8\xff\xff\x9f\x14u\xa6\xbf \x00\x00\x00\xa0m\xb6?\x05\x01\x00\xa0\xa3n\xba?\t\x00\x00\xe0jY\xb0?8\x00\x00\x00}\xe7y\xbfa\x00\x00@\xe1F\x90\xbf+\xff\xff\x7f\xe5~\x8b\xbf\xf7\xff\xff_\xa99\x82\xbfw\xff\xff\xdf0\x85\x97?\x18\x00\x00@kc\xa7?\x12\x00\x00`\x88\xb5\x83\xbf\x82\xff\xff\xbf.i\x9e\xbf\xf2\xff\xff\x7f\x82\xc2\xaa\xbf\xe4\xff\xff_\x043\xb7?\xf6\xff\xff\xdf\x8c\xa2h?T\xff\xff\xdfa\xc2\xcb?\n\x00\x00\xa0J/\xac?\x07\x00\x00\x80\xe3#\xb6?\xd7\xff\xff_\xbc\xfa\xa8\xbf\x97\x00\x00\xc0\xaak\xc1?\xd2\xff\xff\x7f\xc5\x19\xc3?\xe5\x00\x00\xa0\x17\x90\x8e?\xe8\x00\x00\xe0\x8e\xd1\x89?\x14\x00\x00\x00\xbao\xa6\xbf\xf7\xff\xff\xff\xb5\x8e\xb3\xbf\xdb\xff\xff\x9f\x0b\xda\xa7?7\x00\x00\x80\x84\xf9\xa4?\x02\x00\x00\xa0\x93\x1e\xae\xbf\x07\x00\x00\xc04\xd4\xb0?\xfe\xff\xff\xff\xf6\xc1\xb3\xbf6\x00\x00\x00\x02\x89{\xbf\'\x00\x00@\xa8`\xa4?\xd6\xff\xff\xdf\xc3\xa4s?"\x00\x00\xa0x\xdb\x9a\xbf\x97\xff\xff\x7f\xf9\xee\xc0\xbf\x9a\xfe\xff\x7f\xc8\xff\xbc\xbf\xee\xff\xff_\xcd\xaf\xad?F\x00\x00`l+\xa0?\xb3\x00\x00\xc0\x1b|\xc1\xbf\x18\x00\x00`{\x01\x98\xbf\xbf\xff\xff\xdf\x89\x0b\xc2?\xd3\xff\xff\xdft!\xc2\xbf\x18\x00\x00\xa0\x87f\xb5?\xae\xff\xff\xdf\xe1\xd1\xbb\xbfE\x00\x00\x003o\xab?\x18\x00\x00@k{\xc8\xbf\xc9\xff\xff\x7f6\xed\xae\xbf\x9d\x00\x00`\x81\x92\xc2?Z\xff\xff\xff\x0bn\xc8\xbfT\xff\xff\x1f\xf8\x8b\xce?\xfd\xff\xff\xdf\x90\xc2I\xbf\x17\x00\x00\x00Vb\xa2?F\x00\x00\xe0ph\xc2\xbf\xd3\xff\xff_Hr\xc6\xbf\xad\xff\xff_gc\xc6?\xe9\xff\xff\xff\x1f\xeb\x99?z\xff\xff\xdfV&\x8f\xbf\x18\x00\x00@kS\xa5\xbf\xa1\xff\xff\xdf\xdeb\x9b\xbf=\x00\x00\xa0\xb8{\xaa\xbf\x12\x00\x00 \x90k\xb2\xbf\xe9\xff\xff_y\x0f\x82?"\x00\x00\x80\x99\x81\xb3?\x07\x00\x00\xe0\xff\xe2\xb0\xbf\x9f\xff\xff\xbfc\xfa\xc3\xbf\xa0\xff\xff_\xa9\xb1\xc2\xbf\xe0\xff\xff_7\xc2\xb4?\x1f\x00\x00\xa0\xab\xf2\xb7\xbf\xf1\xff\xff\x7f\x03\xef\xa1\xbfK\x00\x00\xe0\x9f\xab\x91?{\xff\xff\xbf\x1e\xf2\xbc\xbf\xd7\xff\xff\x9f\xdc\x1e\xa4\xbf\xf8\xff\xff\x9f\x0fG\x93\xbf?\x00\x00\x00\xfb\x9d\xa8\xbf(\x00\x00@O\x8e\xab?\xf9\xff\xff\xdf\xf3\xdd\xb5?\xf5\xff\xff\xdfw-s\xbf\x97\xff\xff\x9f\xf5%\x8c\xbf]\x00\x00\xe0\x0b\xb4\x9b\xbf_\x00\x00\xa0\xaf\xbe\xcb?\x93\xff\xff\x1f$\x8a\x90\xbf\r\x00\x00\xa0d\xb1\x80?\x15\x01\x00\x80\xa8\xbb\x89?\xde\xff\xff_\xe0\xc6\xa0\xbf\x1c\x00\x00`\xef\xdd\xb4?\xfa\xff\xff\xbf\x8as\xb6\xbf@\x00\x00\x80\xef\ne?\x15\x00\x00\x00\x1c\xfa\xb0\xbf\xab\x00\x00\xa0##\xbd\xbf\x19\x00\x00\x00\x94\x01b\xbf\x9d\xff\xff\x9f\xa3*\xc1?c\x00\x00\xc0dq\xc5?\x8e\x00\x00@\\\xdb\xc4\xbf\xc8\xff\xff\x1fB\x10\xc2?r\xff\xff\xbf\xd4<\x99?\x1a\x00\x00`p.\xb9\xbf\x83\x00\x00\xe0\x00\xb4\x9b\xbf\xc8\xff\xff\x9f\xaf\xed\x7f?\xa5\xff\xff\x9f\x8b\x19\x90\xbf\x99\xff\xff\x1f\x8d\xb5\xc0?\xfe\xff\xff\x7f7H\xb7\xbf\x0b\x00\x00\xe0B\x11\xa6?\x95\x00\x00\xa0\xea#\xc3\xbf\x94\xff\xff\x9f(\xed\xc2?\x89\x00\x00\x80a\xa9\xba?\xdc\xff\xff\xffu\x04\xb2?!\x00\x00\x00d\xce\xb1\xbf\xe3\xff\xff\x9f}\xb9\xab\xbf\x13\x00\x00@\xa9c\xae?\r\x00\x00@\xcaV\xb1?\x1e\x00\x00\x00f5\xb4?;\x00\x00\xc05\x9d\xbd?\xef\xff\xff\x1f\xf2\xd8\x90\xbf'
p72
tp73
basS'label'
p74
S'nic'
p75
sba.